<?xml version="1.0" encoding="UTF-8"?>
<testng-results ignored="0" total="1" passed="1" failed="0" skipped="0">
  <reporter-output>
  </reporter-output>
  <suite started-at="2024-09-21T11:20:14 EDT" name="Suite" finished-at="2024-09-21T11:20:45 EDT" duration-ms="31161">
    <groups>
    </groups>
    <test started-at="2024-09-21T11:20:14 EDT" name="Automation" finished-at="2024-09-21T11:20:45 EDT" duration-ms="31161">
      <class name="me.ebrahimhossain.tests.LoginTest">
        <test-method is-config="true" signature="openUrl(java.lang.String,java.lang.String,java.lang.String)[pri:0, instance:me.ebrahimhossain.tests.LoginTest@4b8ee4de]" started-at="2024-09-21T11:20:14 EDT" name="openUrl" finished-at="2024-09-21T11:20:33 EDT" duration-ms="19517" status="PASS">
          <params>
            <param index="0">
              <value>
                <![CDATA[https://opensource-demo.orangehrmlive.com/web/index.php/auth/login]]>
              </value>
            </param>
            <param index="1">
              <value>
                <![CDATA[chrome]]>
              </value>
            </param>
            <param index="2">
              <value>
                <![CDATA[false]]>
              </value>
            </param>
          </params>
          <reporter-output>
          </reporter-output>
        </test-method> <!-- openUrl -->
        <test-method signature="loginTest()[pri:0, instance:me.ebrahimhossain.tests.LoginTest@4b8ee4de]" started-at="2024-09-21T11:20:33 EDT" name="loginTest" finished-at="2024-09-21T11:20:44 EDT" duration-ms="10556" status="PASS">
          <reporter-output>
          </reporter-output>
        </test-method> <!-- loginTest -->
        <test-method is-config="true" signature="afterClass()[pri:0, instance:me.ebrahimhossain.tests.LoginTest@4b8ee4de]" started-at="2024-09-21T11:20:44 EDT" name="afterClass" finished-at="2024-09-21T11:20:45 EDT" duration-ms="1002" status="PASS">
          <reporter-output>
          </reporter-output>
        </test-method> <!-- afterClass -->
      </class> <!-- me.ebrahimhossain.tests.LoginTest -->
    </test> <!-- Automation -->
  </suite> <!-- Suite -->
</testng-results>
