<?xml version="1.0" encoding="UTF-8"?>
<testng-results ignored="0" total="1" passed="1" failed="0" skipped="0">
  <reporter-output>
  </reporter-output>
  <suite started-at="2024-09-15T12:09:48 EDT" name="Default suite" finished-at="2024-09-15T12:10:15 EDT" duration-ms="26939">
    <groups>
    </groups>
    <test started-at="2024-09-15T12:09:48 EDT" name="Default test" finished-at="2024-09-15T12:10:15 EDT" duration-ms="26939">
      <class name="me.ebrahimhossain.tests.LoginTest">
        <test-method is-config="true" signature="openUrl(java.lang.String,java.lang.String,java.lang.String)[pri:0, instance:me.ebrahimhossain.tests.LoginTest@2e6a8155]" started-at="2024-09-15T12:09:48 EDT" name="openUrl" finished-at="2024-09-15T12:10:02 EDT" duration-ms="14491" status="PASS">
          <params>
            <param index="0">
              <value>
                <![CDATA[https://opensource-demo.orangehrmlive.com/web/index.php/auth/login]]>
              </value>
            </param>
            <param index="1">
              <value>
                <![CDATA[chrome]]>
              </value>
            </param>
            <param index="2">
              <value>
                <![CDATA[false]]>
              </value>
            </param>
          </params>
          <reporter-output>
          </reporter-output>
        </test-method> <!-- openUrl -->
        <test-method signature="loginWithExcelData()[pri:0, instance:me.ebrahimhossain.tests.LoginTest@2e6a8155]" started-at="2024-09-15T12:10:02 EDT" name="loginWithExcelData" finished-at="2024-09-15T12:10:14 EDT" duration-ms="11445" status="PASS">
          <reporter-output>
          </reporter-output>
        </test-method> <!-- loginWithExcelData -->
        <test-method is-config="true" signature="afterClass()[pri:0, instance:me.ebrahimhossain.tests.LoginTest@2e6a8155]" started-at="2024-09-15T12:10:14 EDT" name="afterClass" finished-at="2024-09-15T12:10:15 EDT" duration-ms="968" status="PASS">
          <reporter-output>
          </reporter-output>
        </test-method> <!-- afterClass -->
      </class> <!-- me.ebrahimhossain.tests.LoginTest -->
    </test> <!-- Default test -->
  </suite> <!-- Default suite -->
</testng-results>
